<?xml version="1.0" encoding="UTF-8"?>
<testng-results ignored="0" total="1" passed="1" failed="0" skipped="0">
  <reporter-output>
  </reporter-output>
  <suite started-at="2023-02-20T21:44:51 IST" name="Default suite" finished-at="2023-02-20T21:45:17 IST" duration-ms="25540">
    <groups>
    </groups>
    <test started-at="2023-02-20T21:44:51 IST" name="Default test" finished-at="2023-02-20T21:45:17 IST" duration-ms="25540">
      <class name="testScripts.Script2">
        <test-method is-config="true" signature="classConfiguration()[pri:0, instance:testScripts.Script2@d5b810e]" started-at="2023-02-20T21:44:51 IST" name="classConfiguration" finished-at="2023-02-20T21:44:53 IST" duration-ms="1595" status="PASS">
          <reporter-output>
          </reporter-output>
        </test-method> <!-- classConfiguration -->
        <test-method is-config="true" signature="methodConfiguration()[pri:0, instance:testScripts.Script2@d5b810e]" started-at="2023-02-20T21:44:53 IST" name="methodConfiguration" finished-at="2023-02-20T21:45:03 IST" duration-ms="9444" status="PASS">
          <reporter-output>
          </reporter-output>
        </test-method> <!-- methodConfiguration -->
        <test-method signature="secondTest()[pri:0, instance:testScripts.Script2@d5b810e]" started-at="2023-02-20T21:45:03 IST" name="secondTest" finished-at="2023-02-20T21:45:16 IST" duration-ms="13680" status="PASS">
          <reporter-output>
          </reporter-output>
        </test-method> <!-- secondTest -->
        <test-method is-config="true" signature="methodTearDown()[pri:0, instance:testScripts.Script2@d5b810e]" started-at="2023-02-20T21:45:16 IST" name="methodTearDown" finished-at="2023-02-20T21:45:17 IST" duration-ms="725" status="PASS">
          <reporter-output>
          </reporter-output>
        </test-method> <!-- methodTearDown -->
        <test-method is-config="true" signature="classTearDown()[pri:0, instance:testScripts.Script2@d5b810e]" started-at="2023-02-20T21:45:17 IST" name="classTearDown" finished-at="2023-02-20T21:45:17 IST" duration-ms="0" status="PASS">
          <reporter-output>
          </reporter-output>
        </test-method> <!-- classTearDown -->
      </class> <!-- testScripts.Script2 -->
    </test> <!-- Default test -->
  </suite> <!-- Default suite -->
</testng-results>
