<?xml version="1.0" encoding="UTF-8"?>
<testng-results ignored="0" total="2" passed="2" failed="0" skipped="0">
  <reporter-output>
  </reporter-output>
  <suite started-at="2023-07-05T21:12:41 IST" name="Suite" finished-at="2023-07-05T21:13:21 IST" duration-ms="40046">
    <groups>
    </groups>
    <test started-at="2023-07-05T21:12:41 IST" name="Test" finished-at="2023-07-05T21:13:21 IST" duration-ms="40046">
      <class name="testScripts.Script1">
        <test-method is-config="true" signature="classConfiguration()[pri:0, instance:testScripts.Script1@505fc5a4]" started-at="2023-07-05T21:12:41 IST" name="classConfiguration" finished-at="2023-07-05T21:12:42 IST" duration-ms="960" status="PASS">
          <reporter-output>
          </reporter-output>
        </test-method> <!-- classConfiguration -->
        <test-method is-config="true" signature="methodConfiguration()[pri:0, instance:testScripts.Script1@505fc5a4]" started-at="2023-07-05T21:12:42 IST" name="methodConfiguration" finished-at="2023-07-05T21:12:48 IST" duration-ms="6336" status="PASS">
          <reporter-output>
          </reporter-output>
        </test-method> <!-- methodConfiguration -->
        <test-method signature="firstTest()[pri:0, instance:testScripts.Script1@505fc5a4]" started-at="2023-07-05T21:12:48 IST" name="firstTest" finished-at="2023-07-05T21:13:01 IST" duration-ms="12696" status="PASS">
          <reporter-output>
          </reporter-output>
        </test-method> <!-- firstTest -->
        <test-method is-config="true" signature="methodTearDown()[pri:0, instance:testScripts.Script1@505fc5a4]" started-at="2023-07-05T21:13:01 IST" name="methodTearDown" finished-at="2023-07-05T21:13:02 IST" duration-ms="1236" status="PASS">
          <reporter-output>
          </reporter-output>
        </test-method> <!-- methodTearDown -->
        <test-method is-config="true" signature="classTearDown()[pri:0, instance:testScripts.Script1@505fc5a4]" started-at="2023-07-05T21:13:02 IST" name="classTearDown" finished-at="2023-07-05T21:13:02 IST" duration-ms="0" status="PASS">
          <reporter-output>
          </reporter-output>
        </test-method> <!-- classTearDown -->
      </class> <!-- testScripts.Script1 -->
      <class name="testScripts.Script2">
        <test-method is-config="true" signature="classConfiguration()[pri:0, instance:testScripts.Script2@71def8f8]" started-at="2023-07-05T21:13:02 IST" name="classConfiguration" finished-at="2023-07-05T21:13:02 IST" duration-ms="72" status="PASS">
          <reporter-output>
          </reporter-output>
        </test-method> <!-- classConfiguration -->
        <test-method is-config="true" signature="methodConfiguration()[pri:0, instance:testScripts.Script2@71def8f8]" started-at="2023-07-05T21:13:02 IST" name="methodConfiguration" finished-at="2023-07-05T21:13:06 IST" duration-ms="3971" status="PASS">
          <reporter-output>
          </reporter-output>
        </test-method> <!-- methodConfiguration -->
        <test-method signature="secondTest()[pri:0, instance:testScripts.Script2@71def8f8]" started-at="2023-07-05T21:13:06 IST" name="secondTest" finished-at="2023-07-05T21:13:20 IST" duration-ms="14169" status="PASS">
          <reporter-output>
          </reporter-output>
        </test-method> <!-- secondTest -->
        <test-method is-config="true" signature="methodTearDown()[pri:0, instance:testScripts.Script2@71def8f8]" started-at="2023-07-05T21:13:20 IST" name="methodTearDown" finished-at="2023-07-05T21:13:21 IST" duration-ms="525" status="PASS">
          <reporter-output>
          </reporter-output>
        </test-method> <!-- methodTearDown -->
        <test-method is-config="true" signature="classTearDown()[pri:0, instance:testScripts.Script2@71def8f8]" started-at="2023-07-05T21:13:21 IST" name="classTearDown" finished-at="2023-07-05T21:13:21 IST" duration-ms="8" status="PASS">
          <reporter-output>
          </reporter-output>
        </test-method> <!-- classTearDown -->
      </class> <!-- testScripts.Script2 -->
    </test> <!-- Test -->
  </suite> <!-- Suite -->
</testng-results>
